[2022-06-20 10:51:13] local.INFO: repqesti:{"reType":"text","Utxt":"ttt","BotText":"111"}  
[2022-06-20 10:51:13] local.INFO: repuestf:[]  
[2022-06-20 10:51:13] local.INFO: requesta:{"reType":"text","Utxt":"ttt","BotText":"111"}  
[2022-06-20 10:51:13] local.INFO: ----------------------  
[2022-06-20 10:51:34] local.INFO: repqesti:{"reType":"img","Utxt":"img_same","imgType":"2","imgSameType":"2","bImg":"ba-chi-niB.jpg","sImg":"ba-chi-niB.jpg"}  
[2022-06-20 10:51:34] local.INFO: repuestf:[]  
[2022-06-20 10:51:34] local.INFO: requesta:{"reType":"img","Utxt":"img_same","imgType":"2","imgSameType":"2","bImg":"ba-chi-niB.jpg","sImg":"ba-chi-niB.jpg"}  
[2022-06-20 10:51:34] local.INFO: ----------------------  
[2022-06-20 10:52:00] local.INFO: repqesti:{"reType":"img","Utxt":"img_usame","imgType":"2","imgSameType":"1","bImg":"Come-clapB.jpg","sImg":"Computer-analysisS.jpg"}  
[2022-06-20 10:52:00] local.INFO: repuestf:[]  
[2022-06-20 10:52:00] local.INFO: requesta:{"reType":"img","Utxt":"img_usame","imgType":"2","imgSameType":"1","bImg":"Come-clapB.jpg","sImg":"Computer-analysisS.jpg"}  
[2022-06-20 10:52:00] local.INFO: ----------------------  




[2022-06-23 11:23:00] local.INFO: message:[
{"mIndex":1,"re_text":"\u4f60\u597d\uff01","relationTable":null,"relationTableID":null,"reType":"text","u_text":"\u55e8","bImg":null,"sImg":null,"oc":1,"url":null,"imgName":null},
{"mIndex":2,"re_text":null,"relationTable":null,"relationTableID":null,"reType":"img","u_text":"\u62bd\u83f8\u7684\u898f\u77e9","bImg":12,"sImg":33,"oc":1,"url":"https:\/\/mytpl6.herokuapp.com\/img\/linebot_img\/","imgName":"SmokingRulesB.jpg"},
{"mIndex":3,"re_text":"\u54c8\u54c8\u54c8\uff0c\u5feb\u53bb\u8cb7\u6a02\u900f\u5427\uff01","relationTable":null,"relationTableID":null,"reType":"text","u_text":"\u4e0d\u5c0f\u5fc3\u8e29\u5230\u72d7\u5c4e","bImg":null,"sImg":null,"oc":1,"url":null,"imgName":null},
{"mIndex":4,"re_text":null,"relationTable":null,"relationTableID":null,"reType":"img","u_text":"\u9632\u75ab","bImg":14,"sImg":35,"oc":1,"url":"https:\/\/mytpl6.herokuapp.com\/img\/linebot_img\/","imgName":"wang_Mask-shut-upB.jpg"},
{"mIndex":5,"re_text":null,"relationTable":null,"relationTableID":null,"reType":"img","u_text":"\u6211\u7684\u4eba\u683c\u5206\u6790","bImg":3,"sImg":24,"oc":1,"url":"https:\/\/mytpl6.herokuapp.com\/img\/linebot_img\/","imgName":"Computer-analysisB.jpg"},
{"mIndex":6,"re_text":null,"relationTable":null,"relationTableID":null,"reType":"img","u_text":"\u534a\u591c\u770b\u96fb\u8996","bImg":4,"sImg":25,"oc":1,"url":"https:\/\/mytpl6.herokuapp.com\/img\/linebot_img\/","imgName":"Crying-dad-sleepyB.jpg"},
{"mIndex":7,"re_text":null,"relationTable":null,"relationTableID":null,"reType":"img","u_text":"\u88ab\u9ce5\u5c4e\u6ef4\u5230","bImg":7,"sImg":28,"oc":1,"url":"https:\/\/mytpl6.herokuapp.com\/img\/linebot_img\/","imgName":"KingZhonghuang-HahahaB.jpg"},
{"mIndex":8,"re_text":null,"relationTable":null,"relationTableID":null,"reType":"img","u_text":"\u90e8\u968a\u600e\u6a23","bImg":5,"sImg":26,"oc":1,"url":"https:\/\/mytpl6.herokuapp.com\/img\/linebot_img\/","imgName":"How_About_The_TroopsB.jpg"},
{"mIndex":9,"re_text":null,"relationTable":null,"relationTableID":null,"reType":"img","u_text":"\u7576\u5175\u600e\u6a23","bImg":13,"sImg":34,"oc":1,"url":"https:\/\/mytpl6.herokuapp.com\/img\/linebot_img\/","imgName":"Soldiers_cant_tell_theTruthB.jpg"},
{"mIndex":10,"re_text":"\u8b1b\u4e2d\u6587","relationTable":null,"relationTableID":null,"reType":"text","u_text":"...","bImg":null,"sImg":null,"oc":1,"url":null,"imgName":null},
{"mIndex":11,"re_text":null,"relationTable":null,"relationTableID":null,"reType":"img","u_text":"\u53e3\u7f69\u9b06\u7d81","bImg":8,"sImg":29,"oc":1,"url":"https:\/\/mytpl6.herokuapp.com\/img\/linebot_img\/","imgName":"Mao-Bo-is-dry-and-stable-HeyB.jpg"}]  



 
